-------------------------------- Layout : WinHelp 4 --------------------------------
Starting compilation...
WinHelp preprocessor 13.10.606

Compiling C:\Documents and Settings\datwood\Desktop\Eudora for Windows documentation\Eudora 7.0\Eudora 7.0 Help\!SSL!\WinHelp_4\Eudora.hlp ...

Preparing to create WinHelp...
Clearing output folder...
Filtering out conditional text...
	Processing Dialogs.rtf...
	Processing Eudora.rtf...
	Processing menus.rtf...
	Processing Options.rtf...
	Processing HtmlWh.rtf...
Removing watermarks...
	Processing Dialogs.rtf...
	Processing Eudora.rtf...
	Processing menus.rtf...
	Processing Options.rtf...
	Processing HtmlWh.rtf...
Collecting Topics' Information...
	Processing Dialogs.rtf...
	Processing Eudora.rtf...
	Processing menus.rtf...
	Processing Options.rtf...
	Processing HtmlWh.rtf...
Removing broken jumps...
Finished preparing in 1 sec(s)

Generating WinHelp system...Microsoft (R) Help Compiler
HCRTF 4.03.0002
Copyright (c) Microsoft Corp 1990 - 1995. All rights reserved.
Eudora.hpj
    HC3037: Warning: C:\Documents and Settings\datwood\Desktop\Eudora for Windows documentation\Eudora 7.0\Eudora 7.0 Help\eudora.hh : 
	The map value for "HIDP_OLE_INIT_FAILED" is the same as the map value for "HIDR_CONTEXT_POPUPS".
    HC3037: Warning: C:\Documents and Settings\datwood\Desktop\Eudora for Windows documentation\Eudora 7.0\Eudora 7.0 Help\eudora.hh : 
	The map value for "HIDC_AD_WAZOO_BAR" is the same as the map value for "HIDD_GET_PASSWORD_MP".
    HC3037: Warning: C:\Documents and Settings\datwood\Desktop\Eudora for Windows documentation\Eudora 7.0\Eudora 7.0 Help\eudora.hh : 
	The map value for "HIDI_ATTACH_DEFAULT" is the same as the map value for "HIDC_NICKNAME_CUSTOM_LABEL10".
    HC3037: Warning: C:\Documents and Settings\datwood\Desktop\Eudora for Windows documentation\Eudora 7.0\Eudora 7.0 Help\eudora.hh : 
	The map value for "HIDD_INSERT_LINK" is the same as the map value for "HIDC_NICKNAME_CUSTOM_EDIT10".
    HC3037: Warning: C:\Documents and Settings\datwood\Desktop\Eudora for Windows documentation\Eudora 7.0\Eudora 7.0 Help\eudora.hh : 
	The map value for "HIDS_START_TO_END" is the same as the map value for "HIDC_NICKNAME_CUSTOM_FIELD10".
    HC3037: Warning: C:\Documents and Settings\datwood\Desktop\Eudora for Windows documentation\Eudora 7.0\Eudora 7.0 Help\eudora.hh : 
	The map value for "HIDS_START_TO_START" is the same as the map value for "HIDC_SWAPNAMES".
    HC3037: Warning: C:\Documents and Settings\datwood\Desktop\Eudora for Windows documentation\Eudora 7.0\Eudora 7.0 Help\eudora.hh : 
	The map value for "HIDS_END_TO_START" is the same as the map value for "HIDC_SWAPHOMEWITHWORK".
    HC3037: Warning: C:\Documents and Settings\datwood\Desktop\Eudora for Windows documentation\Eudora 7.0\Eudora 7.0 Help\eudora.hh : 
	The map value for "HIDS_END_TO_END" is the same as the map value for "HIDC_PRIMARYCHECK".
    HC3037: Warning: C:\Documents and Settings\datwood\Desktop\Eudora for Windows documentation\Eudora 7.0\Eudora 7.0 Help\eudora.hh : 
	The map value for "HIDC_LINE1" is the same as the map value for "HIDS_NONE".
    HC3037: Warning: C:\Documents and Settings\datwood\Desktop\Eudora for Windows documentation\Eudora 7.0\Eudora 7.0 Help\eudora.hh : 
	The map value for "HIDC_LINE2" is the same as the map value for "HIDS_TEXT".
    HC3037: Warning: C:\Documents and Settings\datwood\Desktop\Eudora for Windows documentation\Eudora 7.0\Eudora 7.0 Help\eudora.hh : 
	The map value for "HIDS_ERR_OPEN_TEMP_FILE" is the same as the map value for "HIDD_SENDING_STYLES".
    HC3037: Warning: C:\Documents and Settings\datwood\Desktop\Eudora for Windows documentation\Eudora 7.0\Eudora 7.0 Help\eudora.hh : 
	The map value for "HIDS_ERR_WRITE_TEMP_FILE" is the same as the map value for "HIDC_SEND_PLAIN".
    HC3037: Warning: C:\Documents and Settings\datwood\Desktop\Eudora for Windows documentation\Eudora 7.0\Eudora 7.0 Help\eudora.hh : 
	The map value for "HIDS_REG_IE_PAGE_SETUP" is the same as the map value for "HIDC_SEND_STYLED".
    HC3037: Warning: C:\Documents and Settings\datwood\Desktop\Eudora for Windows documentation\Eudora 7.0\Eudora 7.0 Help\eudora.hh : 
	The map value for "HIDS_REG_IE_HEADER" is the same as the map value for "HIDC_SEND_PLAIN_AND_STYLED".
    HC3037: Warning: C:\Documents and Settings\datwood\Desktop\Eudora for Windows documentation\Eudora 7.0\Eudora 7.0 Help\eudora.hh : 
	The map value for "HIDS_IE_PRINT_FOOTER_EXTRA" is the same as the map value for "HIDB_SORTBYSTATUS".
    HC3037: Warning: C:\Documents and Settings\datwood\Desktop\Eudora for Windows documentation\Eudora 7.0\Eudora 7.0 Help\eudora.hh : 
	The map value for "HIDS_PRIORITY_HIGHEST" is the same as the map value for "HIDB_PRIOR_HIGHEST".
    HC3037: Warning: C:\Documents and Settings\datwood\Desktop\Eudora for Windows documentation\Eudora 7.0\Eudora 7.0 Help\eudora.hh : 
	The map value for "HIDS_PRIORITY_HIGH" is the same as the map value for "HIDB_PRIOR_HIGH".
    HC3037: Warning: C:\Documents and Settings\datwood\Desktop\Eudora for Windows documentation\Eudora 7.0\Eudora 7.0 Help\eudora.hh : 
	The map value for "HIDS_PRIORITY_NORMAL" is the same as the map value for "HIDB_PRIOR_NORMAL".
    HC3037: Warning: C:\Documents and Settings\datwood\Desktop\Eudora for Windows documentation\Eudora 7.0\Eudora 7.0 Help\eudora.hh : 
	The map value for "HIDS_PRIORITY_LOW" is the same as the map value for "HIDB_PRIOR_LOW".
    HC3037: Warning: C:\Documents and Settings\datwood\Desktop\Eudora for Windows documentation\Eudora 7.0\Eudora 7.0 Help\eudora.hh : 
	The map value for "HIDS_PRIORITY_LOWEST" is the same as the map value for "HIDB_PRIOR_LOWEST".
    HC3037: Warning: C:\Documents and Settings\datwood\Desktop\Eudora for Windows documentation\Eudora 7.0\Eudora 7.0 Help\eudora.hh : 
	The map value for "HIDC_MAKE_FILT_RECIP_COMBO" is the same as the map value for "HIDC_ADDRESS_LABEL".
    HC3037: Warning: C:\Documents and Settings\datwood\Desktop\Eudora for Windows documentation\Eudora 7.0\Eudora 7.0 Help\eudora.hh : 
	The map value for "HIDC_US_PERIOD_CB" is the same as the map value for "HIDC_ADDRESS_LABEL".
    HC3037: Warning: C:\Documents and Settings\datwood\Desktop\Eudora for Windows documentation\Eudora 7.0\Eudora 7.0 Help\eudora.hh : 
	The map value for "HIDC_SEARCH_BAR_COMBO" is the same as the map value for "HIDC_ADDRESS_LABEL".
    HC3037: Warning: C:\Documents and Settings\datwood\Desktop\Eudora for Windows documentation\Eudora 7.0\Eudora 7.0 Help\eudora.hh : 
	The map value for "HIDC_ONLINE_BUTTON" is the same as the map value for "HIDC_LEAVE_FILTER".
    HC3037: Warning: C:\Documents and Settings\datwood\Desktop\Eudora for Windows documentation\Eudora 7.0\Eudora 7.0 Help\eudora.hh : 
	The map value for "HIDC_EDIT_HTML" is the same as the map value for "HIDC_LEAVE_FILTER".
    HC3037: Warning: C:\Documents and Settings\datwood\Desktop\Eudora for Windows documentation\Eudora 7.0\Eudora 7.0 Help\eudora.hh : 
	The map value for "HIDC_DETAILS" is the same as the map value for "HIDC_LEAVE_FILTER".
    HC3037: Warning: C:\Documents and Settings\datwood\Desktop\Eudora for Windows documentation\Eudora 7.0\Eudora 7.0 Help\eudora.hh : 
	The map value for "HIDC_HYPERLINK_BTN" is the same as the map value for "HIDC_LEAVE_FILTER".
    HC3037: Warning: C:\Documents and Settings\datwood\Desktop\Eudora for Windows documentation\Eudora 7.0\Eudora 7.0 Help\eudora.hh : 
	The map value for "HIDC_BROWSE_BTN" is the same as the map value for "HIDC_LEAVE_FILTER".
    HC3037: Warning: C:\Documents and Settings\datwood\Desktop\Eudora for Windows documentation\Eudora 7.0\Eudora 7.0 Help\eudora.hh : 
	The map value for "HIDC_SEARCHWND_MORE_BTN" is the same as the map value for "HIDC_LEAVE_FILTER".
    HC3037: Warning: C:\Documents and Settings\datwood\Desktop\Eudora for Windows documentation\Eudora 7.0\Eudora 7.0 Help\eudora.hh : 
	The map value for "HIDC_QUERY_DROPDOWN" is the same as the map value for "HIDC_LEAVE_FILTER".
    HC3037: Warning: C:\Documents and Settings\datwood\Desktop\Eudora for Windows documentation\Eudora 7.0\Eudora 7.0 Help\eudora.hh : 
	The map value for "HIDC_OFFLINE_LINK_VISIT_NOW" is the same as the map value for "HIDC_LEAVE_FILTER".
    HC3037: Warning: C:\Documents and Settings\datwood\Desktop\Eudora for Windows documentation\Eudora 7.0\Eudora 7.0 Help\eudora.hh : 
	The map value for "HIDC_USE_DEFAULT_SOUND" is the same as the map value for "HIDC_LEAVE_FILTER".
    HC3037: Warning: C:\Documents and Settings\datwood\Desktop\Eudora for Windows documentation\Eudora 7.0\Eudora 7.0 Help\eudora.hh : 
	The map value for "HIDC_ABOUT" is the same as the map value for "HIDC_LEAVE_FILTER".
    HC3037: Warning: C:\Documents and Settings\datwood\Desktop\Eudora for Windows documentation\Eudora 7.0\Eudora 7.0 Help\eudora.hh : 
	The map value for "HIDC_ADV_IMPORT_BROWSE1" is the same as the map value for "HIDC_LEAVE_FILTER".
    HC3037: Warning: C:\Documents and Settings\datwood\Desktop\Eudora for Windows documentation\Eudora 7.0\Eudora 7.0 Help\eudora.hh : 
	The map value for "HIDC_BUTTON_LAST_NEGOTIATED" is the same as the map value for "HIDC_LEAVE_FILTER".
    HC3037: Warning: C:\Documents and Settings\datwood\Desktop\Eudora for Windows documentation\Eudora 7.0\Eudora 7.0 Help\eudora.hh : 
	The map value for "HIDC_BUTTON_OVERRIDES" is the same as the map value for "HIDC_LEAVE_FILTER".
    HC3037: Warning: C:\Documents and Settings\datwood\Desktop\Eudora for Windows documentation\Eudora 7.0\Eudora 7.0 Help\eudora.hh : 
	The map value for "HIDC_BUTTON_IMPORTCERT" is the same as the map value for "HIDC_LEAVE_FILTER".
    HC3037: Warning: C:\Documents and Settings\datwood\Desktop\Eudora for Windows documentation\Eudora 7.0\Eudora 7.0 Help\eudora.hh : 
	The map value for "HIDC_USE_OLD" is the same as the map value for "HIDC_STATISTICS_RESET".
    HC3037: Warning: C:\Documents and Settings\datwood\Desktop\Eudora for Windows documentation\Eudora 7.0\Eudora 7.0 Help\eudora.hh : 
	The map value for "HIDS_PRODUCT_NAME" is the same as the map value for "HIDC_STATISTICS_RESET".
    HC3037: Warning: C:\Documents and Settings\datwood\Desktop\Eudora for Windows documentation\Eudora 7.0\Eudora 7.0 Help\eudora.hh : 
	The map value for "HIDC_BUTTON_EXPORTCERT" is the same as the map value for "HIDC_STATISTICS_RESET".
    HC3037: Warning: C:\Documents and Settings\datwood\Desktop\Eudora for Windows documentation\Eudora 7.0\Eudora 7.0 Help\eudora.hh : 
	The map value for "HIDC_IMPORT_MAIL_OK" is the same as the map value for "HIDC_EDIT_STYLED_TEXT".
    HC3037: Warning: C:\Documents and Settings\datwood\Desktop\Eudora for Windows documentation\Eudora 7.0\Eudora 7.0 Help\eudora.hh : 
	The map value for "HIDC_SEARCHWND_LESS_BTN" is the same as the map value for "HIDC_EDIT_STYLED_TEXT".
    HC3037: Warning: C:\Documents and Settings\datwood\Desktop\Eudora for Windows documentation\Eudora 7.0\Eudora 7.0 Help\eudora.hh : 
	The map value for "HIDC_OFFLINE_LINK_BOOKMARK" is the same as the map value for "HIDC_EDIT_STYLED_TEXT".
    HC3037: Warning: C:\Documents and Settings\datwood\Desktop\Eudora for Windows documentation\Eudora 7.0\Eudora 7.0 Help\eudora.hh : 
	The map value for "HIDC_ADV_IMPORT_BROWSE2" is the same as the map value for "HIDC_EDIT_STYLED_TEXT".
    HC3037: Warning: C:\Documents and Settings\datwood\Desktop\Eudora for Windows documentation\Eudora 7.0\Eudora 7.0 Help\eudora.hh : 
	The map value for "HIDC_OFFLINE_LINK_REMIND_ME" is the same as the map value for "HIDC_IMPORT_MAIL_CANCEL".
    HC3037: Warning: C:\Documents and Settings\datwood\Desktop\Eudora for Windows documentation\Eudora 7.0\Eudora 7.0 Help\eudora.hh : 
	The map value for "HIDS_ERR_POP_TEMP_FILE" is the same as the map value for "HIDC_STAT_INCOMING_MAILBPREFIX".
    HC3037: Warning: C:\Documents and Settings\datwood\Desktop\Eudora for Windows documentation\Eudora 7.0\Eudora 7.0 Help\eudora.hh : 
	The map value for "HIDS_TASK_STATUS_LIST_HDRTXT_STATE" is the same as the map value for "HIDS_NO_TASKS".
    HC3037: Warning: C:\Documents and Settings\datwood\Desktop\Eudora for Windows documentation\Eudora 7.0\Eudora 7.0 Help\eudora.hh : 
	The map value for "HIDS_PROGRAM_DIALOG_TITLE" is the same as the map value for "HIDS_TEXT_FILE_FILTER2".
    HC3037: Warning: C:\Documents and Settings\datwood\Desktop\Eudora for Windows documentation\Eudora 7.0\Eudora 7.0 Help\eudora.hh : 
	The map value for "HIDS_STATIONERY_FILE_FILTER32" is the same as the map value for "HIDS_TEXT_FILE_FILTER3".
    HC3037: Warning: C:\Documents and Settings\datwood\Desktop\Eudora for Windows documentation\Eudora 7.0\Eudora 7.0 Help\eudora.hh : 
	The map value for "HIDS_EMS__NO_Settings" is the same as the map value for "HIDS_EMS_PLUGIN_VERSION_CALL".
    HC3037: Warning: C:\Documents and Settings\datwood\Desktop\Eudora for Windows documentation\Eudora 7.0\Eudora 7.0 Help\eudora.hh : 
	The map value for "HIDS_EMS_NO_SETTINGS" is the same as the map value for "HIDS_EMS_PLUGIN_VERSION_CALL".
    HC3037: Warning: C:\Documents and Settings\datwood\Desktop\Eudora for Windows documentation\Eudora 7.0\Eudora 7.0 Help\eudora.hh : 
	The map value for "HIDB_IL_STATBAR_TASK_STATUS" is the same as the map value for "HIDB_BITMAP3IDB_IL_STATBAR_TASK_STATUS".
    HC3037: Warning: C:\Documents and Settings\datwood\Desktop\Eudora for Windows documentation\Eudora 7.0\Eudora 7.0 Help\eudora.hh : 
	The map value for "HIDC_IMPORT_TITLE_STATIC" is the same as the map value for "HIDS_ERR_EUDORA_NET_TO".
    HC3037: Warning: C:\Documents and Settings\datwood\Desktop\Eudora for Windows documentation\Eudora 7.0\Eudora 7.0 Help\eudora.hh : 
	The map value for "HIDC_LBL_SETTINGS_FONTS_MESSAGE" is the same as the map value for "HIDC_LBL_SETTINGS_MESSAGE".
    HC3037: Warning: C:\Documents and Settings\datwood\Desktop\Eudora for Windows documentation\Eudora 7.0\Eudora 7.0 Help\eudora.hh : 
	The map value for "HIDC_LBL_SETTINGS_FONTS_PRINTER" is the same as the map value for "HIDC_LBL_SETTINGS_PRINTER".
    HC3037: Warning: C:\Documents and Settings\datwood\Desktop\Eudora for Windows documentation\Eudora 7.0\Eudora 7.0 Help\eudora.hh : 
	The map value for "HIDS_INI_SHOW_MAILBOX_LINES2" is the same as the map value for "HIDS_INI_AUTOMATION_ENABLED".
    HC3037: Warning: C:\Documents and Settings\datwood\Desktop\Eudora for Windows documentation\Eudora 7.0\Eudora 7.0 Help\eudora.hh : 
	The map value for "HIDS_INI_TASKSTATUS_STATUS_WIDTH" is the same as the map value for "HIDS_INI_TASKSTATUS_TITLE_WIDTH".
    HC3037: Warning: C:\Documents and Settings\datwood\Desktop\Eudora for Windows documentation\Eudora 7.0\Eudora 7.0 Help\eudora.hh : 
	The map value for "HIDC_PERSONA_NAME_STATIC" is the same as the map value for "HIDC_PPP1_STATIC".
    HC3037: Warning: C:\Documents and Settings\datwood\Desktop\Eudora for Windows documentation\Eudora 7.0\Eudora 7.0 Help\eudora.hh : 
	The map value for "HIDS_LINK_HISTORY_DATE_VISITED_LABEL" is the same as the map value for "HIDB_PROP_TACK".
    HC3037: Warning: C:\Documents and Settings\datwood\Desktop\Eudora for Windows documentation\Eudora 7.0\Eudora 7.0 Help\eudora.hh : 
	The map value for "HIDS_LINK_HISTORY_NOT_DISPLAYED" is the same as the map value for "HIDB_PROP_TACK_OUT".
    HC3037: Warning: C:\Documents and Settings\datwood\Desktop\Eudora for Windows documentation\Eudora 7.0\Eudora 7.0 Help\eudora.hh : 
	The map value for "HIDS_LINK_HISTORY_NOT_DISPLAYED_STATUS" is the same as the map value for "HIDB_PROP_TACK_OUT".
    HC3037: Warning: C:\Documents and Settings\datwood\Desktop\Eudora for Windows documentation\Eudora 7.0\Eudora 7.0 Help\eudora.hh : 
	The map value for "HIDS_LINK_HISTORY_REMIND_STATUS" is the same as the map value for "HIDS_LINK_HISTORY_ASAP".
    HC3037: Warning: C:\Documents and Settings\datwood\Desktop\Eudora for Windows documentation\Eudora 7.0\Eudora 7.0 Help\eudora.hh : 
	The map value for "HIDS_LINK_HISTORY_ATTEMPTED_STATUS" is the same as the map value for "HIDS_LINK_HISTORY_ATTEMPTED".
    HC3037: Warning: C:\Documents and Settings\datwood\Desktop\Eudora for Windows documentation\Eudora 7.0\Eudora 7.0 Help\eudora.hh : 
	The map value for "HIDC_NEW_RADIO" is the same as the map value for "HIDC_RADIO1".
    HC3037: Warning: C:\Documents and Settings\datwood\Desktop\Eudora for Windows documentation\Eudora 7.0\Eudora 7.0 Help\eudora.hh : 
	The map value for "HIDC_SEARCHWND_AND_RADIO" is the same as the map value for "HIDC_RADIO1".
    HC3037: Warning: C:\Documents and Settings\datwood\Desktop\Eudora for Windows documentation\Eudora 7.0\Eudora 7.0 Help\eudora.hh : 
	The map value for "HIDC_NETSCAPE_IMPORT" is the same as the map value for "HIDC_RADIO1".
    HC3037: Warning: C:\Documents and Settings\datwood\Desktop\Eudora for Windows documentation\Eudora 7.0\Eudora 7.0 Help\eudora.hh : 
	The map value for "HIDC_IMPORT_RADIO" is the same as the map value for "HIDC_RADIO2".
    HC3037: Warning: C:\Documents and Settings\datwood\Desktop\Eudora for Windows documentation\Eudora 7.0\Eudora 7.0 Help\eudora.hh : 
	The map value for "HIDC_SEARCHWND_OR_RADIO" is the same as the map value for "HIDC_RADIO2".
    HC3037: Warning: C:\Documents and Settings\datwood\Desktop\Eudora for Windows documentation\Eudora 7.0\Eudora 7.0 Help\eudora.hh : 
	The map value for "HIDC_OUTLOOK_IMPORT" is the same as the map value for "HIDC_RADIO2".
    HC3037: Warning: C:\Documents and Settings\datwood\Desktop\Eudora for Windows documentation\Eudora 7.0\Eudora 7.0 Help\eudora.hh : 
	The map value for "HIDC_CLIENTS_TITLE_STATIC" is the same as the map value for "HIDC_STATICACCT".
    HC3037: Warning: C:\Documents and Settings\datwood\Desktop\Eudora for Windows documentation\Eudora 7.0\Eudora 7.0 Help\eudora.hh : 
	The map value for "HIDC_ACAP_RADIO" is the same as the map value for "HIDC_RADIOACAP".
    HC3037: Warning: C:\Documents and Settings\datwood\Desktop\Eudora for Windows documentation\Eudora 7.0\Eudora 7.0 Help\eudora.hh : 
	The map value for "HIDB_NONHWORDBRUSH" is the same as the map value for "HIDC_TOW_TRUCK".
    HC3037: Warning: C:\Documents and Settings\datwood\Desktop\Eudora for Windows documentation\Eudora 7.0\Eudora 7.0 Help\eudora.hh : 
	The map value for "HIDS_MAIN_WEB_URL" is the same as the map value for "HIDC_LBL_SPELLING_CHANGETO2".
    HC3037: Warning: C:\Documents and Settings\datwood\Desktop\Eudora for Windows documentation\Eudora 7.0\Eudora 7.0 Help\eudora.hh : 
	The map value for "HIDS_TIME_BOMB_BUY_BTN_TXT" is the same as the map value for "HIDC_LBL_SPELLING_EDITLEX_WORD".
    HC3037: Warning: C:\Documents and Settings\datwood\Desktop\Eudora for Windows documentation\Eudora 7.0\Eudora 7.0 Help\eudora.hh : 
	The map value for "HIDS_SEARCH_WEB_FOR_SEL_MENU" is the same as the map value for "HID_SEARCH_WEB_FOR_SEL".
    HC3037: Warning: C:\Documents and Settings\datwood\Desktop\Eudora for Windows documentation\Eudora 7.0\Eudora 7.0 Help\eudora.hh : 
	The map value for "HIDS_SEARCH_EUDORA_FOR_SEL_MENU" is the same as the map value for "HID_SEARCH_EUDORA_FOR_SEL".
    HC3037: Warning: C:\Documents and Settings\datwood\Desktop\Eudora for Windows documentation\Eudora 7.0\Eudora 7.0 Help\eudora.hh : 
	The map value for "HIDS_SEARCH_MAILBOX_FOR_SEL_MENU" is the same as the map value for "HID_SEARCH_MAILBOX_FOR_SEL".
    HC3037: Warning: C:\Documents and Settings\datwood\Desktop\Eudora for Windows documentation\Eudora 7.0\Eudora 7.0 Help\eudora.hh : 
	The map value for "HIDS_SEARCH_MAILFOLDER_FOR_SEL_MENU" is the same as the map value for "HID_SEARCH_MAILFOLDER_FOR_SEL".
    HC3037: Warning: C:\Documents and Settings\datwood\Desktop\Eudora for Windows documentation\Eudora 7.0\Eudora 7.0 Help\eudora.hh : 
	The map value for "HID_CHECK_REG_CODE_FILE" is the same as the map value for "HID_PRIORITY".
    HC3037: Warning: C:\Documents and Settings\datwood\Desktop\Eudora for Windows documentation\Eudora 7.0\Eudora 7.0 Help\afxres.hh : 
	The map value for "HID_SEPARATOR" is the same as the map value for "HIDR_NULL_RESOURCE".
    HC3037: Warning: C:\Documents and Settings\datwood\Desktop\Eudora for Windows documentation\Eudora 7.0\Eudora 7.0 Help\afxres.hh : 
	The map value for "HID_FILE_MRU_FILE1" is the same as the map value for "HID_FILE_MRU_FIRST".
    HC3037: Warning: C:\Documents and Settings\datwood\Desktop\Eudora for Windows documentation\Eudora 7.0\Eudora 7.0 Help\afxres.hh : 
	The map value for "HID_FILE_MRU_LAST" is the same as the map value for "HID_FILE_MRU_FILE16".
    HC3111: Warning: topic #76 of dialogs.rtf : 
	This topic contains keywords but no title.
    HC3108: Warning: topic #76 of dialogs.rtf : 
	The title footnote ($) does not appear before any text.
    HC3111: Warning: topic #76 of dialogs.rtf : 
	This topic contains keywords but no title.
    HC3108: Warning: topic #76 of dialogs.rtf : 
	The title footnote ($) does not appear before any text.
    HC3111: Warning: topic #76 of dialogs.rtf : 
	This topic contains keywords but no title.
    HC3108: Warning: topic #76 of dialogs.rtf : 
	The title footnote ($) does not appear before any text.
    HC3111: Warning: topic #76 of dialogs.rtf : 
	This topic contains keywords but no title.
    HC3108: Warning: topic #76 of dialogs.rtf : 
	The title footnote ($) does not appear before any text.
    HC3111: Warning: topic #76 of dialogs.rtf : 
	This topic contains keywords but no title.
    HC3108: Warning: topic #76 of dialogs.rtf : 
	The title footnote ($) does not appear before any text.
    HC3111: Warning: topic #76 of dialogs.rtf : 
	This topic contains keywords but no title.
    HC3108: Warning: topic #76 of dialogs.rtf : 
	The title footnote ($) does not appear before any text.
    HC3111: Warning: topic #76 of dialogs.rtf : 
	This topic contains keywords but no title.
    HC3108: Warning: topic #76 of dialogs.rtf : 
	The title footnote ($) does not appear before any text.
    HC3111: Warning: topic #76 of dialogs.rtf : 
	This topic contains keywords but no title.
    HC3108: Warning: topic #76 of dialogs.rtf : 
	The title footnote ($) does not appear before any text.
    HC3111: Warning: topic #76 of dialogs.rtf : 
	This topic contains keywords but no title.
    HC3108: Warning: topic #76 of dialogs.rtf : 
	The title footnote ($) does not appear before any text.
    HC3111: Warning: topic #76 of dialogs.rtf : 
	This topic contains keywords but no title.
    HC3108: Warning: topic #76 of dialogs.rtf : 
	The title footnote ($) does not appear before any text.
    HC3111: Warning: topic #76 of dialogs.rtf : 
	This topic contains keywords but no title.
    HC3108: Warning: topic #76 of dialogs.rtf : 
	The title footnote ($) does not appear before any text.
    HC3111: Warning: topic #76 of dialogs.rtf : 
	This topic contains keywords but no title.
    HC3108: Warning: topic #76 of dialogs.rtf : 
	The title footnote ($) does not appear before any text.
    HC3111: Warning: topic #76 of dialogs.rtf : 
	This topic contains keywords but no title.
    HC3108: Warning: topic #76 of dialogs.rtf : 
	The title footnote ($) does not appear before any text.
    HC3111: Warning: topic #76 of dialogs.rtf : 
	This topic contains keywords but no title.
    HC3108: Warning: topic #76 of dialogs.rtf : 
	The title footnote ($) does not appear before any text.
    HC3111: Warning: topic #76 of dialogs.rtf : 
	This topic contains keywords but no title.
    HC3108: Warning: topic #76 of dialogs.rtf : 
	The title footnote ($) does not appear before any text.
    HC3111: Warning: topic #76 of dialogs.rtf : 
	This topic contains keywords but no title.
    HC3108: Warning: topic #76 of dialogs.rtf : 
	The title footnote ($) does not appear before any text.
    HC3111: Warning: topic #76 of dialogs.rtf : 
	This topic contains keywords but no title.
    HC3108: Warning: topic #76 of dialogs.rtf : 
	The title footnote ($) does not appear before any text.
    HC3111: Warning: topic #76 of dialogs.rtf : 
	This topic contains keywords but no title.
    HC3108: Warning: topic #76 of dialogs.rtf : 
	The title footnote ($) does not appear before any text.
    HC3096: Warning: topic #1 of eudora.rtf : 
	The font name "Microsoft Sans Serif (Vietnamese)" is longer than 31 characters.
    HC3096: Warning: topic #1 of eudora.rtf : 
	The font name "Franklin Gothic Demi Cond Baltic" is longer than 31 characters.
    HC3096: Warning: topic #1 of eudora.rtf : 
	The font name "Franklin Gothic Medium Cond Greek" is longer than 31 characters.
    HC3096: Warning: topic #1 of eudora.rtf : 
	The font name "Franklin Gothic Medium Cond Baltic" is longer than 31 characters.
    HC3096: Warning: topic #1 of eudora.rtf : 
	The font name "Gill Sans MT Ext Condensed Bold CE" is longer than 31 characters.
    HC3096: Warning: topic #1 of eudora.rtf : 
	The font name "Gill Sans Ultra Bold Condensed CE" is longer than 31 characters.
    HC3096: Warning: topic #1 of eudora.rtf : 
	The font name "MS Reference Sans Serif (Vietnamese)" is longer than 31 characters.
    HC3096: Warning: topic #1 of eudora.rtf : 
	The font name "Tw Cen MT Condensed Extra Bold CE" is longer than 31 characters.
    HC3111: Warning: topic #201 of menus.rtf : 
	This topic contains keywords but no title.
    HC3096: Warning: topic #1 of options.rtf : 
	The font name "Microsoft Sans Serif (Vietnamese)" is longer than 31 characters.
    HC3096: Warning: topic #1 of options.rtf : 
	The font name "Franklin Gothic Demi Cond Baltic" is longer than 31 characters.
    HC3096: Warning: topic #1 of options.rtf : 
	The font name "Franklin Gothic Medium Cond Greek" is longer than 31 characters.
    HC3096: Warning: topic #1 of options.rtf : 
	The font name "Franklin Gothic Medium Cond Baltic" is longer than 31 characters.
    HC3096: Warning: topic #1 of options.rtf : 
	The font name "Gill Sans MT Ext Condensed Bold CE" is longer than 31 characters.
    HC3096: Warning: topic #1 of options.rtf : 
	The font name "Gill Sans Ultra Bold Condensed CE" is longer than 31 characters.
    HC3096: Warning: topic #1 of options.rtf : 
	The font name "MS Reference Sans Serif (Vietnamese)" is longer than 31 characters.
    HC3096: Warning: topic #1 of options.rtf : 
	The font name "Tw Cen MT Condensed Extra Bold CE" is longer than 31 characters.
    HC3026: Warning: topic #176 of dialogs.rtf : 
	The Topic ID "HIDC_HDRFLD_LABEL1" has already been defined in topic 175 in file dialogs.rtf.
    HC3026: Warning: topic #176 of dialogs.rtf : 
	The Topic ID "HIDC_HDRFLD_EDIT1" has already been defined in topic 175 in file dialogs.rtf.
1,095	Topics
231	Jumps
915	Keywords
0	Bitmaps


Created C:\Documents and Settings\datwood\Desktop\Eudora for Windows documentation\Eudora 7.0\Eudora 7.0 Help\RHTemp\Eudora.hlp, 1,150,772 bytes
Compile time: 0 minutes, 0 seconds
3 notes, 137 warnings
Finished compiling WinHelp in 2 sec(s)

Compilation complete.
WinHelp (WinHelp 4) was built successfully: 
C:\Documents and Settings\datwood\Desktop\Eudora for Windows documentation\Eudora 7.0\Eudora 7.0 Help\!SSL!\WinHelp_4\Eudora.hlp

